<?xml version='1.0' encoding='utf-8'?>
<testsuites name="pytest tests"><testsuite name="pytest" errors="0" failures="0" skipped="0" tests="305" time="64.752" timestamp="2025-11-28T12:44:17.543462+01:00" hostname="MacBookPro-001.lan"><testcase classname="tests.test_example" name="test_example_creation" time="0.003" /><testcase classname="tests.test_example" name="test_example_from_tableschema" time="0.137" /><testcase classname="tests.test_fields" name="test_all_tests_return_bool" time="0.007" /><testcase classname="tests.test_fields" name="test_detect_categorical_variable" time="0.002" /><testcase classname="tests.test_fields" name="test_detect_continuous_variable" time="0.003" /><testcase classname="tests.test_fields" name="test_all_fields_have_tests" time="0.003" /><testcase classname="tests.test_fields" name="test_fields_with_values[args0]" time="0.000" /><testcase classname="tests.test_fields" name="test_fields_with_values[args1]" time="0.000" /><testcase classname="tests.test_fields" name="test_fields_with_values[args2]" time="0.000" /><testcase classname="tests.test_fields" name="test_fields_with_values[args3]" time="0.000" /><testcase classname="tests.test_fields" name="test_fields_with_values[args4]" time="0.000" /><testcase classname="tests.test_fields" name="test_fields_with_values[args5]" time="0.000" /><testcase classname="tests.test_fields" name="test_fields_with_values[args6]" time="0.000" /><testcase classname="tests.test_fields" name="test_fields_with_values[args7]" time="0.000" /><testcase classname="tests.test_fields" name="test_fields_with_values[args8]" time="0.000" /><testcase classname="tests.test_fields" name="test_fields_with_values[args9]" time="0.000" /><testcase classname="tests.test_fields" name="test_fields_with_values[args10]" time="0.000" /><testcase classname="tests.test_fields" name="test_fields_with_values[args11]" time="0.000" /><testcase classname="tests.test_fields" name="test_fields_with_values[args12]" time="0.000" /><testcase classname="tests.test_fields" name="test_fields_with_values[args13]" time="0.000" /><testcase classname="tests.test_fields" name="test_fields_with_values[args14]" time="0.000" /><testcase classname="tests.test_fields" name="test_fields_with_values[args15]" time="0.000" /><testcase classname="tests.test_fields" name="test_fields_with_values[args16]" time="0.000" /><testcase classname="tests.test_fields" name="test_fields_with_values[args17]" time="0.000" /><testcase classname="tests.test_fields" name="test_fields_with_values[args18]" time="0.000" /><testcase classname="tests.test_fields" name="test_fields_with_values[args19]" time="0.000" /><testcase classname="tests.test_fields" name="test_fields_with_values[args20]" time="0.000" /><testcase classname="tests.test_fields" name="test_fields_with_values[args21]" time="0.000" /><testcase classname="tests.test_fields" name="test_fields_with_values[args22]" time="0.000" /><testcase classname="tests.test_fields" name="test_fields_with_values[args23]" time="0.000" /><testcase classname="tests.test_fields" name="test_fields_with_values[args24]" time="0.000" /><testcase classname="tests.test_fields" name="test_fields_with_values[args25]" time="0.000" /><testcase classname="tests.test_fields" name="test_fields_with_values[args26]" time="0.000" /><testcase classname="tests.test_fields" name="test_fields_with_values[args27]" time="0.000" /><testcase classname="tests.test_fields" name="test_fields_with_values[args28]" time="0.000" /><testcase classname="tests.test_fields" name="test_fields_with_values[args29]" time="0.000" /><testcase classname="tests.test_fields" name="test_fields_with_values[args30]" time="0.000" /><testcase classname="tests.test_fields" name="test_fields_with_values[args31]" time="0.000" /><testcase classname="tests.test_fields" name="test_fields_with_values[args32]" time="0.000" /><testcase classname="tests.test_fields" name="test_fields_with_values[args33]" time="0.000" /><testcase classname="tests.test_fields" name="test_fields_with_values[args34]" time="0.000" /><testcase classname="tests.test_fields" name="test_fields_with_values[args35]" time="0.000" /><testcase classname="tests.test_fields" name="test_fields_with_values[args36]" time="0.000" /><testcase classname="tests.test_fields" name="test_fields_with_values[args37]" time="0.000" /><testcase classname="tests.test_fields" name="test_fields_with_values[args38]" time="0.000" /><testcase classname="tests.test_fields" name="test_fields_with_values[args39]" time="0.000" /><testcase classname="tests.test_fields" name="test_fields_with_values[args40]" time="0.000" /><testcase classname="tests.test_fields" name="test_fields_with_values[args41]" time="0.000" /><testcase classname="tests.test_fields" name="test_fields_with_values[args42]" time="0.000" /><testcase classname="tests.test_fields" name="test_fields_with_values[args43]" time="0.000" /><testcase classname="tests.test_fields" name="test_fields_with_values[args44]" time="0.000" /><testcase classname="tests.test_fields" name="test_fields_with_values[args45]" time="0.000" /><testcase classname="tests.test_fields" name="test_fields_with_values[args46]" time="0.000" /><testcase classname="tests.test_fields" name="test_fields_with_values[args47]" time="0.000" /><testcase classname="tests.test_fields" name="test_fields_with_values[args48]" time="0.000" /><testcase classname="tests.test_fields" name="test_fields_with_values[args49]" time="0.000" /><testcase classname="tests.test_fields" name="test_fields_with_values[args50]" time="0.000" /><testcase classname="tests.test_fields" name="test_fields_with_values[args51]" time="0.000" /><testcase classname="tests.test_fields" name="test_fields_with_values[args52]" time="0.000" /><testcase classname="tests.test_fields" name="test_fields_with_values[args53]" time="0.000" /><testcase classname="tests.test_fields" name="test_fields_with_values[args54]" time="0.000" /><testcase classname="tests.test_fields" name="test_fields_with_values[args55]" time="0.000" /><testcase classname="tests.test_fields" name="test_fields_with_values[args56]" time="0.000" /><testcase classname="tests.test_fields" name="test_fields_with_values[args57]" time="0.000" /><testcase classname="tests.test_fields" name="test_fields_with_values[args58]" time="0.000" /><testcase classname="tests.test_fields" name="test_fields_with_values[args59]" time="0.000" /><testcase classname="tests.test_fields" name="test_fields_with_values[args60]" time="0.000" /><testcase classname="tests.test_fields" name="test_fields_with_values[args61]" time="0.000" /><testcase classname="tests.test_fields" name="test_fields_with_values[args62]" time="0.000" /><testcase classname="tests.test_fields" name="test_fields_with_values[args63]" time="0.000" /><testcase classname="tests.test_fields" name="test_fields_with_values[args64]" time="0.000" /><testcase classname="tests.test_fields" name="test_fields_with_values[args65]" time="0.000" /><testcase classname="tests.test_fields" name="test_fields_with_values[args66]" time="0.000" /><testcase classname="tests.test_fields" name="test_fields_with_values[args67]" time="0.000" /><testcase classname="tests.test_fields" name="test_fields_with_values[args68]" time="0.000" /><testcase classname="tests.test_fields" name="test_fields_with_values[args69]" time="0.000" /><testcase classname="tests.test_fields" name="test_fields_with_values[args70]" time="0.000" /><testcase classname="tests.test_fields" name="test_fields_with_values[args71]" time="0.000" /><testcase classname="tests.test_fields" name="test_fields_with_values[args72]" time="0.000" /><testcase classname="tests.test_fields" name="test_fields_with_values[args73]" time="0.000" /><testcase classname="tests.test_fields" name="test_fields_with_values[args74]" time="0.000" /><testcase classname="tests.test_fields" name="test_fields_with_values[args75]" time="0.000" /><testcase classname="tests.test_fields" name="test_fields_with_values[args76]" time="0.000" /><testcase classname="tests.test_fields" name="test_fields_with_values[args77]" time="0.000" /><testcase classname="tests.test_fields" name="test_fields_with_values[args78]" time="0.000" /><testcase classname="tests.test_fields" name="test_fields_with_values[args79]" time="0.000" /><testcase classname="tests.test_fields" name="test_fields_with_values[args80]" time="0.000" /><testcase classname="tests.test_fields" name="test_fields_with_values[args81]" time="0.000" /><testcase classname="tests.test_fields" name="test_fields_with_values[args82]" time="0.000" /><testcase classname="tests.test_fields" name="test_fields_with_values[args83]" time="0.000" /><testcase classname="tests.test_fields" name="test_fields_with_values[args84]" time="0.000" /><testcase classname="tests.test_fields" name="test_fields_with_values[args85]" time="0.000" /><testcase classname="tests.test_fields" name="test_fields_with_values[args86]" time="0.000" /><testcase classname="tests.test_fields" name="test_fields_with_values[args87]" time="0.000" /><testcase classname="tests.test_fields" name="test_fields_with_values[args88]" time="0.000" /><testcase classname="tests.test_fields" name="test_fields_with_values[args89]" time="0.000" /><testcase classname="tests.test_fields" name="test_fields_with_values[args90]" time="0.000" /><testcase classname="tests.test_fields" name="test_fields_with_values[args91]" time="0.000" /><testcase classname="tests.test_fields" name="test_fields_with_values[args92]" time="0.000" /><testcase classname="tests.test_fields" name="test_fields_with_values[args93]" time="0.000" /><testcase classname="tests.test_fields" name="test_fields_with_values[args94]" time="0.000" /><testcase classname="tests.test_fields" name="test_fields_with_values[args95]" time="0.000" /><testcase classname="tests.test_fields" name="test_fields_with_values[args96]" time="0.000" /><testcase classname="tests.test_fields" name="test_fields_with_values[args97]" time="0.000" /><testcase classname="tests.test_fields" name="test_fields_with_values[args98]" time="0.000" /><testcase classname="tests.test_fields" name="test_fields_with_values[args99]" time="0.001" /><testcase classname="tests.test_fields" name="test_fields_with_values[args100]" time="0.000" /><testcase classname="tests.test_fields" name="test_fields_with_values[args101]" time="0.000" /><testcase classname="tests.test_fields" name="test_fields_with_values[args102]" time="0.000" /><testcase classname="tests.test_fields" name="test_fields_with_values[args103]" time="0.000" /><testcase classname="tests.test_fields" name="test_fields_with_values[args104]" time="0.000" /><testcase classname="tests.test_fields" name="test_fields_with_values[args105]" time="0.000" /><testcase classname="tests.test_fields" name="test_fields_with_values[args106]" time="0.000" /><testcase classname="tests.test_fields" name="test_fields_with_values[args107]" time="0.000" /><testcase classname="tests.test_fields" name="test_fields_with_values[args108]" time="0.000" /><testcase classname="tests.test_fields" name="test_fields_with_values[args109]" time="0.000" /><testcase classname="tests.test_fields" name="test_fields_with_values[args110]" time="0.000" /><testcase classname="tests.test_fields" name="test_fields_with_values[args111]" time="0.000" /><testcase classname="tests.test_fields" name="test_fields_with_values[args112]" time="0.000" /><testcase classname="tests.test_fields" name="test_fields_with_values[args113]" time="0.000" /><testcase classname="tests.test_fields" name="test_fields_with_values[args114]" time="0.000" /><testcase classname="tests.test_fields" name="test_fields_with_values[args115]" time="0.000" /><testcase classname="tests.test_fields" name="test_fields_with_values[args116]" time="0.000" /><testcase classname="tests.test_fields" name="test_fields_with_values[args117]" time="0.000" /><testcase classname="tests.test_fields" name="test_fields_with_values[args118]" time="0.000" /><testcase classname="tests.test_fields" name="test_fields_with_values[args119]" time="0.000" /><testcase classname="tests.test_fields" name="test_fields_with_values[args120]" time="0.000" /><testcase classname="tests.test_fields" name="test_fields_with_values[args121]" time="0.000" /><testcase classname="tests.test_fields" name="test_fields_with_values[args122]" time="0.000" /><testcase classname="tests.test_fields" name="test_fields_with_values[args123]" time="0.000" /><testcase classname="tests.test_fields" name="test_fields_with_values[args124]" time="0.000" /><testcase classname="tests.test_fields" name="test_fields_with_values[args125]" time="0.000" /><testcase classname="tests.test_fields" name="test_fields_with_values[args126]" time="0.000" /><testcase classname="tests.test_fields" name="test_fields_with_values[args127]" time="0.000" /><testcase classname="tests.test_fields" name="test_fields_with_values[args128]" time="0.000" /><testcase classname="tests.test_fields" name="test_fields_with_values[args129]" time="0.000" /><testcase classname="tests.test_fields" name="test_fields_with_values[args130]" time="0.000" /><testcase classname="tests.test_fields" name="test_fields_with_values[args131]" time="0.000" /><testcase classname="tests.test_fields" name="test_fields_with_values[args132]" time="0.000" /><testcase classname="tests.test_fields" name="test_fields_with_values[args133]" time="0.000" /><testcase classname="tests.test_fields" name="test_fields_with_values[args134]" time="0.000" /><testcase classname="tests.test_fields" name="test_fields_with_values[args135]" time="0.000" /><testcase classname="tests.test_fields" name="test_fields_with_values[args136]" time="0.000" /><testcase classname="tests.test_fields" name="test_fields_with_values[args137]" time="0.000" /><testcase classname="tests.test_fields" name="test_fields_with_values[args138]" time="0.000" /><testcase classname="tests.test_fields" name="test_fields_with_values[args139]" time="0.000" /><testcase classname="tests.test_fields" name="test_fields_with_values[args140]" time="0.000" /><testcase classname="tests.test_fields" name="test_fields_with_values[args141]" time="0.000" /><testcase classname="tests.test_fields" name="test_fields_with_values[args142]" time="0.000" /><testcase classname="tests.test_fields" name="test_fields_with_values[args143]" time="0.000" /><testcase classname="tests.test_fields" name="test_fields_with_values[args144]" time="0.000" /><testcase classname="tests.test_fields" name="test_fields_with_values[args145]" time="0.000" /><testcase classname="tests.test_fields" name="test_fields_with_values[args146]" time="0.000" /><testcase classname="tests.test_fields" name="test_fields_with_values[args147]" time="0.000" /><testcase classname="tests.test_fields" name="test_fields_with_values[args148]" time="0.000" /><testcase classname="tests.test_fields" name="test_fields_with_values[args149]" time="0.000" /><testcase classname="tests.test_fields" name="test_fields_with_values[args150]" time="0.000" /><testcase classname="tests.test_fields" name="test_fields_with_values[args151]" time="0.000" /><testcase classname="tests.test_fields" name="test_fields_with_values[args152]" time="0.000" /><testcase classname="tests.test_fields" name="test_fields_with_values[args153]" time="0.000" /><testcase classname="tests.test_fields" name="test_fields_with_values[args154]" time="0.000" /><testcase classname="tests.test_fields" name="test_fields_with_values[args155]" time="0.000" /><testcase classname="tests.test_fields" name="test_fields_with_values[args156]" time="0.000" /><testcase classname="tests.test_fields" name="test_fields_with_values[args157]" time="0.000" /><testcase classname="tests.test_fields" name="test_fields_with_values[args158]" time="0.000" /><testcase classname="tests.test_fields" name="test_fields_with_values[args159]" time="0.000" /><testcase classname="tests.test_fields" name="test_fields_with_values[args160]" time="0.000" /><testcase classname="tests.test_fields" name="test_fields_with_values[args161]" time="0.000" /><testcase classname="tests.test_fields" name="test_fields_with_values[args162]" time="0.000" /><testcase classname="tests.test_fields" name="test_fields_with_values[args163]" time="0.000" /><testcase classname="tests.test_fields" name="test_fields_with_values[args164]" time="0.000" /><testcase classname="tests.test_fields" name="test_fields_with_values[args165]" time="0.000" /><testcase classname="tests.test_fields" name="test_fields_with_values[args166]" time="0.000" /><testcase classname="tests.test_fields" name="test_fields_with_values[args167]" time="0.000" /><testcase classname="tests.test_fields" name="test_fields_with_values[args168]" time="0.000" /><testcase classname="tests.test_fields" name="test_fields_with_values[args169]" time="0.000" /><testcase classname="tests.test_fields" name="test_fields_with_values[args170]" time="0.000" /><testcase classname="tests.test_fields" name="test_fields_with_values[args171]" time="0.000" /><testcase classname="tests.test_fields" name="test_fields_with_values[args172]" time="0.000" /><testcase classname="tests.test_fields" name="test_fields_with_values[args173]" time="0.000" /><testcase classname="tests.test_fields" name="test_fields_with_values[args174]" time="0.000" /><testcase classname="tests.test_fields" name="test_fields_with_values[args175]" time="0.000" /><testcase classname="tests.test_fields" name="test_fields_with_values[args176]" time="0.000" /><testcase classname="tests.test_fields" name="test_fields_with_values[args177]" time="0.000" /><testcase classname="tests.test_fields" name="test_fields_with_values[args178]" time="0.000" /><testcase classname="tests.test_fields" name="test_fields_with_values[args179]" time="0.000" /><testcase classname="tests.test_fields" name="test_fields_with_values[args180]" time="0.000" /><testcase classname="tests.test_fields" name="test_fields_with_values[args181]" time="0.000" /><testcase classname="tests.test_fields" name="test_fields_with_values[args182]" time="0.000" /><testcase classname="tests.test_fields" name="test_fields_with_values[args183]" time="0.000" /><testcase classname="tests.test_fields" name="test_fields_with_values[args184]" time="0.000" /><testcase classname="tests.test_fields" name="test_fields_with_values[args185]" time="0.001" /><testcase classname="tests.test_fields" name="test_fields_with_values[args186]" time="0.003" /><testcase classname="tests.test_fields" name="test_fields_with_values[args187]" time="0.000" /><testcase classname="tests.test_fields" name="test_fields_with_values[args188]" time="0.000" /><testcase classname="tests.test_fields" name="test_fields_with_values[args189]" time="0.000" /><testcase classname="tests.test_fields" name="test_fields_with_values[args190]" time="0.000" /><testcase classname="tests.test_fields" name="test_fields_with_values[args191]" time="0.000" /><testcase classname="tests.test_fields" name="test_fields_with_values[args192]" time="0.000" /><testcase classname="tests.test_fields" name="test_fields_with_values[args193]" time="0.000" /><testcase classname="tests.test_fields" name="test_fields_with_values[args194]" time="0.000" /><testcase classname="tests.test_fields" name="test_fields_with_values[args195]" time="0.000" /><testcase classname="tests.test_fields" name="test_fields_with_values[args196]" time="0.000" /><testcase classname="tests.test_fields" name="test_fields_with_values[args197]" time="0.000" /><testcase classname="tests.test_fields" name="test_fields_with_values[args198]" time="0.000" /><testcase classname="tests.test_fields" name="test_fields_with_values[args199]" time="0.000" /><testcase classname="tests.test_fields" name="test_fields_with_values[args200]" time="0.000" /><testcase classname="tests.test_fields" name="test_fields_with_values[args201]" time="0.000" /><testcase classname="tests.test_fields" name="test_fields_with_values[args202]" time="0.054" /><testcase classname="tests.test_fields" name="test_fields_with_values[args203]" time="0.000" /><testcase classname="tests.test_fields" name="test_fields_with_values[args204]" time="0.000" /><testcase classname="tests.test_fields" name="test_fields_with_values[args205]" time="0.000" /><testcase classname="tests.test_fields" name="test_fields_with_values[args206]" time="1.339" /><testcase classname="tests.test_fields" name="test_fields_with_values[args207]" time="0.049" /><testcase classname="tests.test_fields" name="test_fields_with_values[args208]" time="0.050" /><testcase classname="tests.test_fields" name="test_fields_with_values[args209]" time="0.007" /><testcase classname="tests.test_fields" name="test_fields_with_values[args210]" time="0.032" /><testcase classname="tests.test_fields" name="test_fields_with_values[args211]" time="0.032" /><testcase classname="tests.test_fields" name="test_fields_with_values[args212]" time="0.031" /><testcase classname="tests.test_fields" name="test_fields_with_values[args213]" time="0.000" /><testcase classname="tests.test_fields" name="test_fields_with_values[args214]" time="0.000" /><testcase classname="tests.test_fields" name="test_fields_with_values[args215]" time="0.000" /><testcase classname="tests.test_fields" name="test_fields_with_values[args216]" time="0.000" /><testcase classname="tests.test_fields" name="test_fields_with_values[args217]" time="0.000" /><testcase classname="tests.test_fields" name="test_fields_with_values[args218]" time="0.061" /><testcase classname="tests.test_fields" name="test_fields_with_values[args219]" time="0.000" /><testcase classname="tests.test_fields" name="test_fields_with_values[args220]" time="0.061" /><testcase classname="tests.test_fields" name="test_fields_with_values[args221]" time="0.000" /><testcase classname="tests.test_fields" name="test_fields_with_values[args222]" time="0.000" /><testcase classname="tests.test_fields" name="test_fields_with_values[args223]" time="0.000" /><testcase classname="tests.test_fields" name="test_fields_with_values[args224]" time="0.063" /><testcase classname="tests.test_fields" name="test_fields_with_values[args225]" time="0.000" /><testcase classname="tests.test_fields" name="test_fields_with_values[args226]" time="0.170" /><testcase classname="tests.test_fields" name="test_fields_with_values[args227]" time="0.000" /><testcase classname="tests.test_fields" name="test_fields_with_values[args228]" time="0.000" /><testcase classname="tests.test_fields" name="test_fields_with_values[args229]" time="0.000" /><testcase classname="tests.test_fields" name="test_fields_with_values[args230]" time="0.000" /><testcase classname="tests.test_fields" name="test_fields_with_values[args231]" time="0.000" /><testcase classname="tests.test_fields" name="test_fields_with_values[args232]" time="0.000" /><testcase classname="tests.test_fields" name="test_fields_with_values[args233]" time="0.000" /><testcase classname="tests.test_fields" name="test_cast[args0]" time="0.000" /><testcase classname="tests.test_fields" name="test_cast[args1]" time="0.000" /><testcase classname="tests.test_fields" name="test_cast[args2]" time="0.000" /><testcase classname="tests.test_fields" name="test_cast[args3]" time="0.000" /><testcase classname="tests.test_fields" name="test_cast[args4]" time="0.000" /><testcase classname="tests.test_fields" name="test_cast[args5]" time="0.000" /><testcase classname="tests.test_fields" name="test_cast[args6]" time="0.000" /><testcase classname="tests.test_fields" name="test_priority[args0]" time="0.002" /><testcase classname="tests.test_fields" name="test_priority[args1]" time="0.000" /><testcase classname="tests.test_fields" name="test_priority[args2]" time="0.000" /><testcase classname="tests.test_fields" name="test_priority[args3]" time="0.000" /><testcase classname="tests.test_fields" name="test_priority[args4]" time="0.000" /><testcase classname="tests.test_fields" name="test_priority[args5]" time="0.000" /><testcase classname="tests.test_fields" name="test_early_detection[args0]" time="0.000" /><testcase classname="tests.test_fields" name="test_early_detection[args1]" time="0.000" /><testcase classname="tests.test_fields" name="test_early_detection[args2]" time="0.000" /><testcase classname="tests.test_fields" name="test_early_detection[args3]" time="0.000" /><testcase classname="tests.test_fields" name="test_early_detection[args4]" time="0.000" /><testcase classname="tests.test_fields" name="test_early_detection[args5]" time="0.000" /><testcase classname="tests.test_fields" name="test_all_proportion_1" time="0.446" /><testcase classname="tests.test_file" name="test_columns_output_on_file[100]" time="0.185" /><testcase classname="tests.test_file" name="test_columns_output_on_file[404]" time="0.261" /><testcase classname="tests.test_file" name="test_columns_output_on_file[100000]" time="0.257" /><testcase classname="tests.test_file" name="test_profile_output_on_file" time="0.258" /><testcase classname="tests.test_file" name="test_profile_with_num_rows" time="0.154" /><testcase classname="tests.test_file" name="test_profile_specific_cases[params0]" time="0.001" /><testcase classname="tests.test_file" name="test_profile_specific_cases[params1]" time="0.001" /><testcase classname="tests.test_file" name="test_exception_different_number_of_columns" time="0.001" /><testcase classname="tests.test_file" name="test_code_dep_reg_on_file" time="0.050" /><testcase classname="tests.test_file" name="test_schema_on_file" time="0.053" /><testcase classname="tests.test_file" name="test_non_csv_files[params0]" time="0.056" /><testcase classname="tests.test_file" name="test_non_csv_files[params1]" time="0.050" /><testcase classname="tests.test_file" name="test_non_csv_files[params2]" time="0.135" /><testcase classname="tests.test_file" name="test_non_csv_files[params3]" time="0.114" /><testcase classname="tests.test_file" name="test_non_csv_files[params4]" time="0.254" /><testcase classname="tests.test_file" name="test_non_csv_files[params5]" time="0.278" /><testcase classname="tests.test_file" name="test_urls[params0]" time="0.043" /><testcase classname="tests.test_file" name="test_urls[params1]" time="0.049" /><testcase classname="tests.test_file" name="test_urls[params2]" time="0.263" /><testcase classname="tests.test_file" name="test_nan_values[expected_type0]" time="0.048" /><testcase classname="tests.test_file" name="test_nan_values[expected_type1]" time="0.040" /><testcase classname="tests.test_file" name="test_output_df" time="0.048" /><testcase classname="tests.test_file" name="test_cast_json[cast_json0]" time="0.044" /><testcase classname="tests.test_file" name="test_cast_json[cast_json1]" time="0.041" /><testcase classname="tests.test_file" name="test_almost_uniform_column" time="47.210" /><testcase classname="tests.test_file" name="test_full_nan_column" time="0.326" /><testcase classname="tests.test_file" name="test_count_column" time="0.049" /><testcase classname="tests.test_labels" name="test_money_labels" time="0.000" /><testcase classname="tests.test_labels" name="test_latitude[params0]" time="0.000" /><testcase classname="tests.test_labels" name="test_latitude[params1]" time="0.000" /><testcase classname="tests.test_labels" name="test_latitude[params2]" time="0.000" /><testcase classname="tests.test_labels" name="test_latitude[params3]" time="0.000" /><testcase classname="tests.test_labels" name="test_latitude[params4]" time="0.000" /><testcase classname="tests.test_structure" name="tests_conformity" time="0.006" /><testcase classname="tests.test_structure" name="test_all_tests_have_unique_name" time="0.002" /><testcase classname="tests.test_validation" name="test_validation[_params0]" time="0.014" /><testcase classname="tests.test_validation" name="test_validation[_params1]" time="0.002" /><testcase classname="tests.test_validation" name="test_validation[_params2]" time="0.000" /><testcase classname="tests.test_validation" name="test_validation[_params3]" time="0.002" /><testcase classname="tests.test_validation" name="test_validation[_params4]" time="0.007" /><testcase classname="tests.test_validation" name="test_validate_then_detect[modif_previous_analysis0]" time="0.263" /><testcase classname="tests.test_validation" name="test_validate_then_detect[modif_previous_analysis1]" time="0.261" /><testcase classname="tests.test_validation" name="test_validate_then_detect[modif_previous_analysis2]" time="0.262" /><testcase classname="tests.test_validation" name="test_validate_then_detect[modif_previous_analysis3]" time="0.018" /><testcase classname="tests.test_validation" name="test_validate_then_detect[modif_previous_analysis4]" time="0.266" /></testsuite><properties><property name="python.version" value="3.12.12" /><property name="test.run.timestamp" value="2025-11-28_12-44-16" /></properties></testsuites>